[ 2018-06-03T18:46:07+08:00 ] 127.0.0.1 /
NOTIC: [2] preg_replace(): The /e modifier is no longer supported, use preg_replace_callback instead /Volumes/task/jinrong/Core/Common/common.php 第 217 行.
INFO: [ app_begin ] --START--
INFO: ReadHtmlCache Behavior ::run [ RunTime:0.000560s ]
INFO: [ app_begin ] --END-- [ RunTime:0.000857s ]

[ 2018-06-03T18:48:56+08:00 ] 127.0.0.1 /
NOTIC: [2] preg_replace(): The /e modifier is no longer supported, use preg_replace_callback instead /Volumes/task/jinrong/Core/Common/common.php 第 217 行.
INFO: [ app_begin ] --START--
INFO: ReadHtmlCache Behavior ::run [ RunTime:0.000102s ]
INFO: [ app_begin ] --END-- [ RunTime:0.000146s ]

[ 2018-06-03T18:49:01+08:00 ] 127.0.0.1 /
NOTIC: [2] preg_replace(): The /e modifier is no longer supported, use preg_replace_callback instead /Volumes/task/jinrong/Core/Common/common.php 第 217 行.
INFO: [ app_begin ] --START--
INFO: ReadHtmlCache Behavior ::run [ RunTime:0.000128s ]
INFO: [ app_begin ] --END-- [ RunTime:0.000168s ]

[ 2018-06-03T18:49:03+08:00 ] 127.0.0.1 /
NOTIC: [2] preg_replace(): The /e modifier is no longer supported, use preg_replace_callback instead /Volumes/task/jinrong/Core/Common/common.php 第 217 行.
INFO: [ app_begin ] --START--
INFO: ReadHtmlCache Behavior ::run [ RunTime:0.000022s ]
INFO: [ app_begin ] --END-- [ RunTime:0.000036s ]

[ 2018-06-03T18:57:01+08:00 ] 127.0.0.1 /
NOTIC: [2] preg_replace(): The /e modifier is no longer supported, use preg_replace_callback instead /Volumes/task/jinrong/Core/Common/common.php 第 217 行.
INFO: [ app_begin ] --START--
INFO: ReadHtmlCache Behavior ::run [ RunTime:0.000034s ]
INFO: [ app_begin ] --END-- [ RunTime:0.000048s ]

[ 2018-06-03T18:57:32+08:00 ] 127.0.0.1 /
NOTIC: [2] preg_replace(): The /e modifier is no longer supported, use preg_replace_callback instead /Volumes/task/jinrong/Core/Common/common.php 第 217 行.
INFO: [ app_begin ] --START--
INFO: ReadHtmlCache Behavior ::run [ RunTime:0.000027s ]
INFO: [ app_begin ] --END-- [ RunTime:0.000040s ]

[ 2018-06-03T18:57:34+08:00 ] 127.0.0.1 /
NOTIC: [2] preg_replace(): The /e modifier is no longer supported, use preg_replace_callback instead /Volumes/task/jinrong/Core/Common/common.php 第 217 行.
INFO: [ app_begin ] --START--
INFO: ReadHtmlCache Behavior ::run [ RunTime:0.000029s ]
INFO: [ app_begin ] --END-- [ RunTime:0.000064s ]

[ 2018-06-03T18:59:08+08:00 ] 127.0.0.1 /
NOTIC: [2] preg_replace(): The /e modifier is no longer supported, use preg_replace_callback instead /Volumes/task/jinrong/Core/Common/common.php 第 217 行.
INFO: [ app_begin ] --START--
INFO: ReadHtmlCache Behavior ::run [ RunTime:0.000025s ]
INFO: [ app_begin ] --END-- [ RunTime:0.000038s ]

[ 2018-06-03T18:59:09+08:00 ] 127.0.0.1 /
NOTIC: [2] preg_replace(): The /e modifier is no longer supported, use preg_replace_callback instead /Volumes/task/jinrong/Core/Common/common.php 第 217 行.
INFO: [ app_begin ] --START--
INFO: ReadHtmlCache Behavior ::run [ RunTime:0.000032s ]
INFO: [ app_begin ] --END-- [ RunTime:0.000047s ]

[ 2018-06-03T19:00:38+08:00 ] 127.0.0.1 /
NOTIC: [2] preg_replace(): The /e modifier is no longer supported, use preg_replace_callback instead /Volumes/task/jinrong/Core/Common/common.php 第 217 行.
INFO: [ app_begin ] --START--
INFO: ReadHtmlCache Behavior ::run [ RunTime:0.000063s ]
INFO: [ app_begin ] --END-- [ RunTime:0.000077s ]

[ 2018-06-03T19:00:39+08:00 ] 127.0.0.1 /
NOTIC: [2] preg_replace(): The /e modifier is no longer supported, use preg_replace_callback instead /Volumes/task/jinrong/Core/Common/common.php 第 217 行.
INFO: [ app_begin ] --START--
INFO: ReadHtmlCache Behavior ::run [ RunTime:0.000031s ]
INFO: [ app_begin ] --END-- [ RunTime:0.000044s ]

[ 2018-06-03T19:00:39+08:00 ] 127.0.0.1 /
NOTIC: [2] preg_replace(): The /e modifier is no longer supported, use preg_replace_callback instead /Volumes/task/jinrong/Core/Common/common.php 第 217 行.
INFO: [ app_begin ] --START--
INFO: ReadHtmlCache Behavior ::run [ RunTime:0.000022s ]
INFO: [ app_begin ] --END-- [ RunTime:0.000036s ]

[ 2018-06-03T19:00:39+08:00 ] 127.0.0.1 /
NOTIC: [2] preg_replace(): The /e modifier is no longer supported, use preg_replace_callback instead /Volumes/task/jinrong/Core/Common/common.php 第 217 行.
INFO: [ app_begin ] --START--
INFO: ReadHtmlCache Behavior ::run [ RunTime:0.000050s ]
INFO: [ app_begin ] --END-- [ RunTime:0.000097s ]

[ 2018-06-03T19:00:39+08:00 ] 127.0.0.1 /
NOTIC: [2] preg_replace(): The /e modifier is no longer supported, use preg_replace_callback instead /Volumes/task/jinrong/Core/Common/common.php 第 217 行.
INFO: [ app_begin ] --START--
INFO: ReadHtmlCache Behavior ::run [ RunTime:0.000021s ]
INFO: [ app_begin ] --END-- [ RunTime:0.000034s ]

[ 2018-06-03T19:00:39+08:00 ] 127.0.0.1 /
NOTIC: [2] preg_replace(): The /e modifier is no longer supported, use preg_replace_callback instead /Volumes/task/jinrong/Core/Common/common.php 第 217 行.
INFO: [ app_begin ] --START--
INFO: ReadHtmlCache Behavior ::run [ RunTime:0.000040s ]
INFO: [ app_begin ] --END-- [ RunTime:0.000076s ]

[ 2018-06-03T19:00:40+08:00 ] 127.0.0.1 /
NOTIC: [2] preg_replace(): The /e modifier is no longer supported, use preg_replace_callback instead /Volumes/task/jinrong/Core/Common/common.php 第 217 行.
INFO: [ app_begin ] --START--
INFO: ReadHtmlCache Behavior ::run [ RunTime:0.000022s ]
INFO: [ app_begin ] --END-- [ RunTime:0.000036s ]

[ 2018-06-03T19:00:40+08:00 ] 127.0.0.1 /
NOTIC: [2] preg_replace(): The /e modifier is no longer supported, use preg_replace_callback instead /Volumes/task/jinrong/Core/Common/common.php 第 217 行.
INFO: [ app_begin ] --START--
INFO: ReadHtmlCache Behavior ::run [ RunTime:0.000024s ]
INFO: [ app_begin ] --END-- [ RunTime:0.000037s ]

[ 2018-06-03T19:00:40+08:00 ] 127.0.0.1 /
NOTIC: [2] preg_replace(): The /e modifier is no longer supported, use preg_replace_callback instead /Volumes/task/jinrong/Core/Common/common.php 第 217 行.
INFO: [ app_begin ] --START--
INFO: ReadHtmlCache Behavior ::run [ RunTime:0.000055s ]
INFO: [ app_begin ] --END-- [ RunTime:0.000074s ]

[ 2018-06-03T19:00:59+08:00 ] 127.0.0.1 /
NOTIC: [2] preg_replace(): The /e modifier is no longer supported, use preg_replace_callback instead /Volumes/task/jinrong/Core/Common/common.php 第 217 行.
INFO: [ app_begin ] --START--
INFO: ReadHtmlCache Behavior ::run [ RunTime:0.000028s ]
INFO: [ app_begin ] --END-- [ RunTime:0.000041s ]

[ 2018-06-03T19:01:00+08:00 ] 127.0.0.1 /
NOTIC: [2] preg_replace(): The /e modifier is no longer supported, use preg_replace_callback instead /Volumes/task/jinrong/Core/Common/common.php 第 217 行.
INFO: [ app_begin ] --START--
INFO: ReadHtmlCache Behavior ::run [ RunTime:0.000022s ]
INFO: [ app_begin ] --END-- [ RunTime:0.000035s ]

[ 2018-06-03T19:01:01+08:00 ] 127.0.0.1 /
NOTIC: [2] preg_replace(): The /e modifier is no longer supported, use preg_replace_callback instead /Volumes/task/jinrong/Core/Common/common.php 第 217 行.
INFO: [ app_begin ] --START--
INFO: ReadHtmlCache Behavior ::run [ RunTime:0.000023s ]
INFO: [ app_begin ] --END-- [ RunTime:0.000037s ]

[ 2018-06-03T19:01:02+08:00 ] 127.0.0.1 /
NOTIC: [2] preg_replace(): The /e modifier is no longer supported, use preg_replace_callback instead /Volumes/task/jinrong/Core/Common/common.php 第 217 行.
INFO: [ app_begin ] --START--
INFO: ReadHtmlCache Behavior ::run [ RunTime:0.000024s ]
INFO: [ app_begin ] --END-- [ RunTime:0.000038s ]

[ 2018-06-03T19:01:03+08:00 ] 127.0.0.1 /
NOTIC: [2] preg_replace(): The /e modifier is no longer supported, use preg_replace_callback instead /Volumes/task/jinrong/Core/Common/common.php 第 217 行.
INFO: [ app_begin ] --START--
INFO: ReadHtmlCache Behavior ::run [ RunTime:0.000021s ]
INFO: [ app_begin ] --END-- [ RunTime:0.000035s ]

[ 2018-06-03T19:01:03+08:00 ] 127.0.0.1 /
NOTIC: [2] preg_replace(): The /e modifier is no longer supported, use preg_replace_callback instead /Volumes/task/jinrong/Core/Common/common.php 第 217 行.
INFO: [ app_begin ] --START--
INFO: ReadHtmlCache Behavior ::run [ RunTime:0.000021s ]
INFO: [ app_begin ] --END-- [ RunTime:0.000033s ]

[ 2018-06-03T19:01:04+08:00 ] 127.0.0.1 /
NOTIC: [2] preg_replace(): The /e modifier is no longer supported, use preg_replace_callback instead /Volumes/task/jinrong/Core/Common/common.php 第 217 行.
INFO: [ app_begin ] --START--
INFO: ReadHtmlCache Behavior ::run [ RunTime:0.000022s ]
INFO: [ app_begin ] --END-- [ RunTime:0.000035s ]

[ 2018-06-03T19:01:05+08:00 ] 127.0.0.1 /
NOTIC: [2] preg_replace(): The /e modifier is no longer supported, use preg_replace_callback instead /Volumes/task/jinrong/Core/Common/common.php 第 217 行.
INFO: [ app_begin ] --START--
INFO: ReadHtmlCache Behavior ::run [ RunTime:0.000023s ]
INFO: [ app_begin ] --END-- [ RunTime:0.000035s ]

[ 2018-06-03T19:01:53+08:00 ] 127.0.0.1 /
NOTIC: [2] preg_replace(): The /e modifier is no longer supported, use preg_replace_callback instead /Volumes/task/jinrong/Core/Common/common.php 第 217 行.
INFO: [ app_begin ] --START--
INFO: ReadHtmlCache Behavior ::run [ RunTime:0.000027s ]
INFO: [ app_begin ] --END-- [ RunTime:0.000039s ]

[ 2018-06-03T19:02:14+08:00 ] 127.0.0.1 /
NOTIC: [2] preg_replace(): The /e modifier is no longer supported, use preg_replace_callback instead /Volumes/task/jinrong/Core/Common/common.php 第 217 行.
INFO: [ app_begin ] --START--
INFO: ReadHtmlCache Behavior ::run [ RunTime:0.000026s ]
INFO: [ app_begin ] --END-- [ RunTime:0.000040s ]

[ 2018-06-03T19:02:25+08:00 ] 127.0.0.1 /
NOTIC: [2] preg_replace(): The /e modifier is no longer supported, use preg_replace_callback instead /Volumes/task/jinrong/Core/Common/common.php 第 217 行.
INFO: [ app_begin ] --START--
INFO: ReadHtmlCache Behavior ::run [ RunTime:0.000023s ]
INFO: [ app_begin ] --END-- [ RunTime:0.000036s ]

[ 2018-06-03T19:02:55+08:00 ] 127.0.0.1 /
NOTIC: [2] preg_replace(): The /e modifier is no longer supported, use preg_replace_callback instead /Volumes/task/jinrong/Core/Common/common.php 第 217 行.
INFO: [ app_begin ] --START--
INFO: ReadHtmlCache Behavior ::run [ RunTime:0.000024s ]
INFO: [ app_begin ] --END-- [ RunTime:0.000036s ]

[ 2018-06-03T19:03:03+08:00 ] 127.0.0.1 /
NOTIC: [2] preg_replace(): The /e modifier is no longer supported, use preg_replace_callback instead /Volumes/task/jinrong/Core/Common/common.php 第 217 行.
INFO: [ app_begin ] --START--
INFO: ReadHtmlCache Behavior ::run [ RunTime:0.000026s ]
INFO: [ app_begin ] --END-- [ RunTime:0.000038s ]

[ 2018-06-03T19:03:04+08:00 ] 127.0.0.1 /
NOTIC: [2] preg_replace(): The /e modifier is no longer supported, use preg_replace_callback instead /Volumes/task/jinrong/Core/Common/common.php 第 217 行.
INFO: [ app_begin ] --START--
INFO: ReadHtmlCache Behavior ::run [ RunTime:0.000021s ]
INFO: [ app_begin ] --END-- [ RunTime:0.000034s ]

[ 2018-06-03T19:03:29+08:00 ] 127.0.0.1 /
NOTIC: [2] preg_replace(): The /e modifier is no longer supported, use preg_replace_callback instead /Volumes/task/jinrong/Core/Common/common.php 第 217 行.
INFO: [ app_begin ] --START--
INFO: ReadHtmlCache Behavior ::run [ RunTime:0.000021s ]
INFO: [ app_begin ] --END-- [ RunTime:0.000033s ]

[ 2018-06-03T19:03:30+08:00 ] 127.0.0.1 /
NOTIC: [2] preg_replace(): The /e modifier is no longer supported, use preg_replace_callback instead /Volumes/task/jinrong/Core/Common/common.php 第 217 行.
INFO: [ app_begin ] --START--
INFO: ReadHtmlCache Behavior ::run [ RunTime:0.000025s ]
INFO: [ app_begin ] --END-- [ RunTime:0.000039s ]

[ 2018-06-03T19:03:31+08:00 ] 127.0.0.1 /
NOTIC: [2] preg_replace(): The /e modifier is no longer supported, use preg_replace_callback instead /Volumes/task/jinrong/Core/Common/common.php 第 217 行.
INFO: [ app_begin ] --START--
INFO: ReadHtmlCache Behavior ::run [ RunTime:0.000022s ]
INFO: [ app_begin ] --END-- [ RunTime:0.000035s ]

[ 2018-06-03T19:03:32+08:00 ] 127.0.0.1 /
NOTIC: [2] preg_replace(): The /e modifier is no longer supported, use preg_replace_callback instead /Volumes/task/jinrong/Core/Common/common.php 第 217 行.
INFO: [ app_begin ] --START--
INFO: ReadHtmlCache Behavior ::run [ RunTime:0.000029s ]
INFO: [ app_begin ] --END-- [ RunTime:0.000042s ]

[ 2018-06-03T19:08:33+08:00 ] 127.0.0.1 /
NOTIC: [2] preg_replace(): The /e modifier is no longer supported, use preg_replace_callback instead /Volumes/task/jinrong/Core/Common/common.php 第 217 行.
INFO: [ app_begin ] --START--
INFO: ReadHtmlCache Behavior ::run [ RunTime:0.000032s ]
INFO: [ app_begin ] --END-- [ RunTime:0.000046s ]

[ 2018-06-03T20:15:14+08:00 ] 127.0.0.1 /
NOTIC: [2] preg_replace(): The /e modifier is no longer supported, use preg_replace_callback instead /Volumes/task/jinrong/Core/Common/common.php 第 217 行.
INFO: [ app_begin ] --START--
INFO: ReadHtmlCache Behavior ::run [ RunTime:0.000067s ]
INFO: [ app_begin ] --END-- [ RunTime:0.000081s ]

[ 2018-06-03T20:15:16+08:00 ] 127.0.0.1 /
NOTIC: [2] preg_replace(): The /e modifier is no longer supported, use preg_replace_callback instead /Volumes/task/jinrong/Core/Common/common.php 第 217 行.
INFO: [ app_begin ] --START--
INFO: ReadHtmlCache Behavior ::run [ RunTime:0.000074s ]
INFO: [ app_begin ] --END-- [ RunTime:0.000093s ]

[ 2018-06-03T20:15:18+08:00 ] 127.0.0.1 /
NOTIC: [2] preg_replace(): The /e modifier is no longer supported, use preg_replace_callback instead /Volumes/task/jinrong/Core/Common/common.php 第 217 行.
INFO: [ app_begin ] --START--
INFO: ReadHtmlCache Behavior ::run [ RunTime:0.000025s ]
INFO: [ app_begin ] --END-- [ RunTime:0.000038s ]

[ 2018-06-03T20:16:04+08:00 ] 127.0.0.1 /
NOTIC: [2] preg_replace(): The /e modifier is no longer supported, use preg_replace_callback instead /Volumes/task/jinrong/Core/Common/common.php 第 217 行.
INFO: [ app_begin ] --START--
INFO: ReadHtmlCache Behavior ::run [ RunTime:0.000029s ]
INFO: [ app_begin ] --END-- [ RunTime:0.000042s ]

[ 2018-06-03T20:20:59+08:00 ] 127.0.0.1 /
NOTIC: [2] preg_replace(): The /e modifier is no longer supported, use preg_replace_callback instead /Volumes/task/jinrong/Core/Common/common.php 第 217 行.
INFO: [ app_begin ] --START--
INFO: ReadHtmlCache Behavior ::run [ RunTime:0.000031s ]
INFO: [ app_begin ] --END-- [ RunTime:0.000046s ]
NOTIC: [2] session_set_save_handler(): Argument 1 is not a valid callback /Volumes/task/jinrong/Core/Common/functions.php 第 572 行.

[ 2018-06-03T20:21:02+08:00 ] 127.0.0.1 /
NOTIC: [2] preg_replace(): The /e modifier is no longer supported, use preg_replace_callback instead /Volumes/task/jinrong/Core/Common/common.php 第 217 行.
INFO: [ app_begin ] --START--
INFO: ReadHtmlCache Behavior ::run [ RunTime:0.000028s ]
INFO: [ app_begin ] --END-- [ RunTime:0.000042s ]
NOTIC: [2] session_set_save_handler(): Argument 1 is not a valid callback /Volumes/task/jinrong/Core/Common/functions.php 第 572 行.

